<?xml version="1.0" encoding="UTF-8"?>
<testng-results skipped="0" failed="1" total="2" passed="1">
  <reporter-output>
  </reporter-output>
  <suite name="CalcDemoTest" duration-ms="668" started-at="2015-12-07T16:45:05Z" finished-at="2015-12-07T16:45:06Z">
    <groups>
      <group name="init">
        <method signature="CalcDemoTest.targetServerReady()[pri:0, instance:CalcDemoTest@2ef9b8bc]" name="targetServerReady" class="CalcDemoTest"/>
      </group> <!-- init -->
    </groups>
    <test name="Command line test" duration-ms="668" started-at="2015-12-07T16:45:05Z" finished-at="2015-12-07T16:45:06Z">
      <class name="CalcDemoTest">
        <test-method status="PASS" signature="suiteSetUp()[pri:0, instance:CalcDemoTest@2ef9b8bc]" name="suiteSetUp" is-config="true" duration-ms="10787" started-at="2015-12-07T17:44:54Z" finished-at="2015-12-07T17:45:05Z">
          <reporter-output>
          </reporter-output>
        </test-method> <!-- suiteSetUp -->
        <test-method status="PASS" signature="simpleTest()[pri:0, instance:CalcDemoTest@2ef9b8bc]" name="simpleTest" duration-ms="608" started-at="2015-12-07T17:45:05Z" finished-at="2015-12-07T17:45:06Z">
          <reporter-output>
          </reporter-output>
        </test-method> <!-- simpleTest -->
        <test-method status="FAIL" signature="targetServerReady()[pri:0, instance:CalcDemoTest@2ef9b8bc]" name="targetServerReady" duration-ms="38" started-at="2015-12-07T17:45:06Z" finished-at="2015-12-07T17:45:06Z">
          <exception class="java.lang.AssertionError">
            <message>
              <![CDATA[Calculator]]>
            </message>
            <full-stacktrace>
              <![CDATA[java.lang.AssertionError: Calculator
	at org.junit.Assert.fail(Assert.java:91)
	at org.junit.Assert.assertTrue(Assert.java:43)
	at CalcDemoTest.targetServerReady(CalcDemoTest.java:95)
	at sun.reflect.NativeMethodAccessorImpl.invoke0(Native Method)
	at sun.reflect.NativeMethodAccessorImpl.invoke(NativeMethodAccessorImpl.java:62)
	at sun.reflect.DelegatingMethodAccessorImpl.invoke(DelegatingMethodAccessorImpl.java:43)
	at java.lang.reflect.Method.invoke(Method.java:497)
	at org.testng.internal.MethodInvocationHelper.invokeMethod(MethodInvocationHelper.java:85)
	at org.testng.internal.Invoker.invokeMethod(Invoker.java:639)
	at org.testng.internal.Invoker.invokeTestMethod(Invoker.java:816)
	at org.testng.internal.Invoker.invokeTestMethods(Invoker.java:1124)
	at org.testng.internal.TestMethodWorker.invokeTestMethods(TestMethodWorker.java:125)
	at org.testng.internal.TestMethodWorker.run(TestMethodWorker.java:108)
	at org.testng.TestRunner.privateRun(TestRunner.java:774)
	at org.testng.TestRunner.run(TestRunner.java:624)
	at org.testng.SuiteRunner.runTest(SuiteRunner.java:359)
	at org.testng.SuiteRunner.runSequentially(SuiteRunner.java:354)
	at org.testng.SuiteRunner.privateRun(SuiteRunner.java:312)
	at org.testng.SuiteRunner.run(SuiteRunner.java:261)
	at org.testng.SuiteRunnerWorker.runSuite(SuiteRunnerWorker.java:52)
	at org.testng.SuiteRunnerWorker.run(SuiteRunnerWorker.java:86)
	at org.testng.TestNG.runSuitesSequentially(TestNG.java:1215)
	at org.testng.TestNG.runSuitesLocally(TestNG.java:1140)
	at org.testng.TestNG.run(TestNG.java:1048)
	at org.apache.maven.surefire.testng.TestNGExecutor.run(TestNGExecutor.java:70)
	at org.apache.maven.surefire.testng.TestNGDirectoryTestSuite.execute(TestNGDirectoryTestSuite.java:108)
	at org.apache.maven.surefire.testng.TestNGProvider.invoke(TestNGProvider.java:111)
	at sun.reflect.NativeMethodAccessorImpl.invoke0(Native Method)
	at sun.reflect.NativeMethodAccessorImpl.invoke(NativeMethodAccessorImpl.java:62)
	at sun.reflect.DelegatingMethodAccessorImpl.invoke(DelegatingMethodAccessorImpl.java:43)
	at java.lang.reflect.Method.invoke(Method.java:497)
	at org.apache.maven.surefire.util.ReflectionUtils.invokeMethodWithArray(ReflectionUtils.java:164)
	at org.apache.maven.surefire.booter.ProviderFactory$ProviderProxy.invoke(ProviderFactory.java:110)
	at org.apache.maven.surefire.booter.SurefireStarter.invokeProvider(SurefireStarter.java:172)
	at org.apache.maven.surefire.booter.SurefireStarter.runSuitesInProcessWhenForked(SurefireStarter.java:104)
	at org.apache.maven.surefire.booter.ForkedBooter.main(ForkedBooter.java:70)
]]>
            </full-stacktrace>
          </exception> <!-- java.lang.AssertionError -->
          <reporter-output>
          </reporter-output>
        </test-method> <!-- targetServerReady -->
        <test-method status="PASS" signature="suiteTearDown()[pri:0, instance:CalcDemoTest@2ef9b8bc]" name="suiteTearDown" is-config="true" duration-ms="742" started-at="2015-12-07T17:45:06Z" finished-at="2015-12-07T17:45:07Z">
          <reporter-output>
          </reporter-output>
        </test-method> <!-- suiteTearDown -->
      </class> <!-- CalcDemoTest -->
    </test> <!-- Command line test -->
  </suite> <!-- CalcDemoTest -->
</testng-results>
